Using pre-set license
Built from '2022.3/staging' branch; Version is '2022.3.14f1 (eff2de9070d8) revision 15725278'; Using compiler version '192829333'; Build Type 'Release'
OS: 'Windows 10  (10.0.19045) 64bit Professional' Language: 'en' Physical Memory: 16275 MB
BatchMode: 1, IsHumanControllingUs: 0, StartBugReporterOnCrash: 0, Is64bit: 1, IsPro: 1

COMMAND LINE ARGUMENTS:
C:\Program Files\Unity\Hub\Editor\2022.3.14f1\Editor\Unity.exe
-adb2
-batchMode
-noUpm
-name
AssetImportWorker0
-projectPath
C:/Users/Max Musau/Desktop/greenprint-main/GP-Web
-logFile
Logs/AssetImportWorker0.log
-srvPort
57143
Successfully changed project path to: C:/Users/Max Musau/Desktop/greenprint-main/GP-Web
C:/Users/Max Musau/Desktop/greenprint-main/GP-Web
[UnityMemory] Configuration Parameters - Can be set up in boot.config
    "memorysetup-bucket-allocator-granularity=16"
    "memorysetup-bucket-allocator-bucket-count=8"
    "memorysetup-bucket-allocator-block-size=33554432"
    "memorysetup-bucket-allocator-block-count=8"
    "memorysetup-main-allocator-block-size=16777216"
    "memorysetup-thread-allocator-block-size=16777216"
    "memorysetup-gfx-main-allocator-block-size=16777216"
    "memorysetup-gfx-thread-allocator-block-size=16777216"
    "memorysetup-cache-allocator-block-size=4194304"
    "memorysetup-typetree-allocator-block-size=2097152"
    "memorysetup-profiler-bucket-allocator-granularity=16"
    "memorysetup-profiler-bucket-allocator-bucket-count=8"
    "memorysetup-profiler-bucket-allocator-block-size=33554432"
    "memorysetup-profiler-bucket-allocator-block-count=8"
    "memorysetup-profiler-allocator-block-size=16777216"
    "memorysetup-profiler-editor-allocator-block-size=1048576"
    "memorysetup-temp-allocator-size-main=16777216"
    "memorysetup-job-temp-allocator-block-size=2097152"
    "memorysetup-job-temp-allocator-block-size-background=1048576"
    "memorysetup-job-temp-allocator-reduction-small-platforms=262144"
    "memorysetup-allocator-temp-initial-block-size-main=262144"
    "memorysetup-allocator-temp-initial-block-size-worker=262144"
    "memorysetup-temp-allocator-size-background-worker=32768"
    "memorysetup-temp-allocator-size-job-worker=262144"
    "memorysetup-temp-allocator-size-preload-manager=33554432"
    "memorysetup-temp-allocator-size-nav-mesh-worker=65536"
    "memorysetup-temp-allocator-size-audio-worker=65536"
    "memorysetup-temp-allocator-size-cloud-worker=32768"
    "memorysetup-temp-allocator-size-gi-baking-worker=262144"
    "memorysetup-temp-allocator-size-gfx=262144"
Player connection [37468] Host "[IP] 172.27.128.1 [Port] 0 [Flags] 2 [Guid] 1528341489 [EditorId] 1528341489 [Version] 1048832 [Id] WindowsEditor(7,DESKTOP-A9OBSHJ) [Debug] 1 [PackageName] WindowsEditor [ProjectName] Editor" joined multi-casting on [225.0.0.222:54997]...

Player connection [37468] Host "[IP] 172.27.128.1 [Port] 0 [Flags] 2 [Guid] 1528341489 [EditorId] 1528341489 [Version] 1048832 [Id] WindowsEditor(7,DESKTOP-A9OBSHJ) [Debug] 1 [PackageName] WindowsEditor [ProjectName] Editor" joined alternative multi-casting on [225.0.0.222:34997]...

[Physics::Module] Initialized MultithreadedJobDispatcher with 7 workers.
Refreshing native plugins compatible for Editor in 0.00 ms, found 0 plugins.
Preloading 0 native plugins for Editor in 0.00 ms.
Initialize engine version: 2022.3.14f1 (eff2de9070d8)
[Subsystems] Discovering subsystems at path C:/Program Files/Unity/Hub/Editor/2022.3.14f1/Editor/Data/Resources/UnitySubsystems
[Subsystems] Discovering subsystems at path C:/Users/Max Musau/Desktop/greenprint-main/GP-Web/Assets
GfxDevice: creating device client; threaded=0; jobified=0
Direct3D:
    Version:  Direct3D 11.0 [level 11.0]
    Renderer: NVIDIA GeForce 930MX (ID=0x134e)
    Vendor:   NVIDIA
    VRAM:     2008 MB
    Driver:   31.0.15.2919
Initialize mono
Mono path[0] = 'C:/Program Files/Unity/Hub/Editor/2022.3.14f1/Editor/Data/Managed'
Mono path[1] = 'C:/Program Files/Unity/Hub/Editor/2022.3.14f1/Editor/Data/MonoBleedingEdge/lib/mono/unityjit-win32'
Mono config path = 'C:/Program Files/Unity/Hub/Editor/2022.3.14f1/Editor/Data/MonoBleedingEdge/etc'
Using monoOptions --debugger-agent=transport=dt_socket,embedding=1,server=y,suspend=n,address=127.0.0.1:56904
Begin MonoManager ReloadAssembly
Registering precompiled unity dll's ...
Register platform support module: C:/Program Files/Unity/Hub/Editor/2022.3.14f1/Editor/Data/PlaybackEngines/WebGLSupport/UnityEditor.WebGL.Extensions.dll
Register platform support module: C:/Program Files/Unity/Hub/Editor/2022.3.14f1/Editor/Data/PlaybackEngines/AndroidPlayer/UnityEditor.Android.Extensions.dll
Register platform support module: C:/Program Files/Unity/Hub/Editor/2022.3.14f1/Editor/Data/PlaybackEngines/iOSSupport/UnityEditor.iOS.Extensions.dll
Register platform support module: C:/Program Files/Unity/Hub/Editor/2022.3.14f1/Editor/Data/PlaybackEngines/WindowsStandaloneSupport/UnityEditor.WindowsStandalone.Extensions.dll
Registered in 0.044252 seconds.
- Loaded All Assemblies, in  1.158 seconds
Native extension for WindowsStandalone target not found
[usbmuxd] Start listen thread
[usbmuxd] Listen thread started
Native extension for iOS target not found
Native extension for Android target not found
Android Extension - Scanning For ADB Devices 596 ms
Native extension for WebGL target not found
Mono: successfully reloaded assembly
- Finished resetting the current domain, in  1.286 seconds
Domain Reload Profiling: 2438ms
	BeginReloadAssembly (333ms)
		ExecutionOrderSort (0ms)
		DisableScriptedObjects (0ms)
		BackupInstance (0ms)
		ReleaseScriptingObjects (0ms)
		CreateAndSetChildDomain (1ms)
	RebuildCommonClasses (154ms)
	RebuildNativeTypeToScriptingClass (43ms)
	initialDomainReloadingComplete (225ms)
	LoadAllAssembliesAndSetupDomain (395ms)
		LoadAssemblies (334ms)
		RebuildTransferFunctionScriptingTraits (0ms)
		AnalyzeDomain (386ms)
			TypeCache.Refresh (383ms)
				TypeCache.ScanAssembly (352ms)
			ScanForSourceGeneratedMonoScriptInfo (1ms)
			ResolveRequiredComponents (1ms)
	FinalizeReload (1287ms)
		ReleaseScriptCaches (0ms)
		RebuildScriptCaches (0ms)
		SetupLoadedEditorAssemblies (1169ms)
			LogAssemblyErrors (0ms)
			InitializePlatformSupportModulesInManaged (855ms)
			SetLoadedEditorAssemblies (7ms)
			RefreshPlugins (0ms)
			BeforeProcessingInitializeOnLoad (4ms)
			ProcessInitializeOnLoadAttributes (209ms)
			ProcessInitializeOnLoadMethodAttributes (95ms)
			AfterProcessingInitializeOnLoad (0ms)
			EditorAssembliesLoaded (0ms)
		ExecutionOrderSort2 (0ms)
		AwakeInstancesAfterBackupRestoration (0ms)
========================================================================
Worker process is ready to serve import requests
Begin MonoManager ReloadAssembly
- Loaded All Assemblies, in  0.568 seconds
Refreshing native plugins compatible for Editor in 0.00 ms, found 0 plugins.
Native extension for WindowsStandalone target not found
Native extension for iOS target not found
Native extension for Android target not found
Native extension for WebGL target not found
Mono: successfully reloaded assembly
- Finished resetting the current domain, in  0.794 seconds
Domain Reload Profiling: 1358ms
	BeginReloadAssembly (328ms)
		ExecutionOrderSort (0ms)
		DisableScriptedObjects (14ms)
		BackupInstance (0ms)
		ReleaseScriptingObjects (0ms)
		CreateAndSetChildDomain (44ms)
	RebuildCommonClasses (75ms)
	RebuildNativeTypeToScriptingClass (24ms)
	initialDomainReloadingComplete (55ms)
	LoadAllAssembliesAndSetupDomain (80ms)
		LoadAssemblies (215ms)
		RebuildTransferFunctionScriptingTraits (0ms)
		AnalyzeDomain (65ms)
			TypeCache.Refresh (53ms)
				TypeCache.ScanAssembly (34ms)
			ScanForSourceGeneratedMonoScriptInfo (5ms)
			ResolveRequiredComponents (5ms)
	FinalizeReload (794ms)
		ReleaseScriptCaches (0ms)
		RebuildScriptCaches (0ms)
		SetupLoadedEditorAssemblies (509ms)
			LogAssemblyErrors (0ms)
			InitializePlatformSupportModulesInManaged (94ms)
			SetLoadedEditorAssemblies (9ms)
			RefreshPlugins (0ms)
			BeforeProcessingInitializeOnLoad (79ms)
			ProcessInitializeOnLoadAttributes (264ms)
			ProcessInitializeOnLoadMethodAttributes (43ms)
			AfterProcessingInitializeOnLoad (19ms)
			EditorAssembliesLoaded (0ms)
		ExecutionOrderSort2 (0ms)
		AwakeInstancesAfterBackupRestoration (14ms)
Launched and connected shader compiler UnityShaderCompiler.exe after 0.09 seconds
Refreshing native plugins compatible for Editor in 0.00 ms, found 0 plugins.
Preloading 0 native plugins for Editor in 0.00 ms.
Unloading 362 Unused Serialized files (Serialized files now loaded: 0)
Unloading 15 unused Assets / (0.7 MB). Loaded Objects now: 827.
Memory consumption went from 71.1 MB to 70.4 MB.
Total: 7.159600 ms (FindLiveObjects: 0.127800 ms CreateObjectMapping: 0.040100 ms MarkObjects: 6.343300 ms  DeleteObjects: 0.646600 ms)

AssetImportParameters requested are different than current active one (requested -> active):
  custom:video-encoder-webm-vp8: eb34c28f22e8b96e1ab97ce403110664 -> 
  custom:video-decoder-webm-vp8: 9c59270c3fd7afecdb556c50c9e8de78 -> 
  custom:audio-decoder-ogg-vorbis: bf7c407c2cedff20999df2af8eb42d56 -> 
  custom:video-decoder-ogg-theora: a1e56fd34408186e4bbccfd4996cb3dc -> 
  custom:audio-encoder-webm-vorbis: bf7c407c2cedff20999df2af8eb42d56 -> 
  custom:container-demuxer-webm: 4f35f7cbe854078d1ac9338744f61a02 -> 
  custom:SearchIndexIgnoredProperties: e643bd26f0fe6173181afceb89e7c659 -> 
  custom:container-muxer-webm: aa71ff27fc2769a1b78a27578f13a17b -> 
  custom:container-demuxer-ogg: 62fdf1f143b41e24485cea50d1cbac27 -> 
  custom:AudioImporter_EditorPlatform: d09bf68614088b80899f8185d706f6e7 -> 
  custom:CustomObjectIndexerAttribute: 756ad292c208cfabdd7b50bc23989ffe -> 
  custom:framework-win-MediaFoundation: 216162199b28c13a410421893ffa2e32 -> 
========================================================================
Received Import Request.
  Time since last request: 2183923.728971 seconds.
  path: Assets/_GP/Materials/Orange.mat
  artifactKey: Guid(dd511d7c40830ac41b7cf1b5b94a9954) Importer(815301076,1909f56bfc062723c751e8b465ee728b)
Start importing Assets/_GP/Materials/Orange.mat using Guid(dd511d7c40830ac41b7cf1b5b94a9954) Importer(815301076,1909f56bfc062723c751e8b465ee728b)  -> (artifact id: '136e21891254cbb549094e4471fb2d43') in 0.472459 seconds
Number of updated asset objects reloaded before import = 0
Number of asset objects unloaded after import = 1
========================================================================
Received Import Request.
  Time since last request: 0.000039 seconds.
  path: Assets/_GP/Materials/Purple.mat
  artifactKey: Guid(2ea9237f4c866d54fb55153163c36798) Importer(815301076,1909f56bfc062723c751e8b465ee728b)
Start importing Assets/_GP/Materials/Purple.mat using Guid(2ea9237f4c866d54fb55153163c36798) Importer(815301076,1909f56bfc062723c751e8b465ee728b)  -> (artifact id: '46eec729d8ecb87813418fe21a5e7ad4') in 0.022456 seconds
Number of updated asset objects reloaded before import = 0
Number of asset objects unloaded after import = 1
========================================================================
Received Import Request.
  Time since last request: 0.000043 seconds.
  path: Assets/_GP/Materials/Transparent Green.mat
  artifactKey: Guid(a70f8c098dd9cd04897cbe4f182d1f54) Importer(815301076,1909f56bfc062723c751e8b465ee728b)
Start importing Assets/_GP/Materials/Transparent Green.mat using Guid(a70f8c098dd9cd04897cbe4f182d1f54) Importer(815301076,1909f56bfc062723c751e8b465ee728b)  -> (artifact id: 'b565148a04b5bf8e69c65dfa2a341aff') in 0.186480 seconds
Number of updated asset objects reloaded before import = 0
Number of asset objects unloaded after import = 1
========================================================================
Received Import Request.
  Time since last request: 0.000027 seconds.
  path: Assets/_GP/Prefabs/Block Food.prefab
  artifactKey: Guid(82a5494919bde5f4481383cd81169e40) Importer(815301076,1909f56bfc062723c751e8b465ee728b)
Start importing Assets/_GP/Prefabs/Block Food.prefab using Guid(82a5494919bde5f4481383cd81169e40) Importer(815301076,1909f56bfc062723c751e8b465ee728b)  -> (artifact id: 'b7915069a3ed105f1ee4bcfd86e046dc') in 0.050472 seconds
Number of updated asset objects reloaded before import = 0
Number of asset objects unloaded after import = 12
========================================================================
Received Import Request.
  Time since last request: 0.000035 seconds.
  path: Assets/_GP/Materials/Yellow.mat
  artifactKey: Guid(522a4cca18b6f8848b5499b7423d316a) Importer(815301076,1909f56bfc062723c751e8b465ee728b)
Start importing Assets/_GP/Materials/Yellow.mat using Guid(522a4cca18b6f8848b5499b7423d316a) Importer(815301076,1909f56bfc062723c751e8b465ee728b)  -> (artifact id: '142d1c7ddf1a7d91f3d5f7b068becf19') in 0.022053 seconds
Number of updated asset objects reloaded before import = 0
Number of asset objects unloaded after import = 1
========================================================================
Received Import Request.
  Time since last request: 0.000035 seconds.
  path: Assets/_GP/Materials/Red.mat
  artifactKey: Guid(b0274931366756944a24d17f122586f7) Importer(815301076,1909f56bfc062723c751e8b465ee728b)
Start importing Assets/_GP/Materials/Red.mat using Guid(b0274931366756944a24d17f122586f7) Importer(815301076,1909f56bfc062723c751e8b465ee728b)  -> (artifact id: 'e53eaf758eee3cd89810777c2e66c298') in 0.020116 seconds
Number of updated asset objects reloaded before import = 0
Number of asset objects unloaded after import = 1
========================================================================
Received Import Request.
  Time since last request: 0.000064 seconds.
  path: Assets/_GP/Materials/Transparent Red.mat
  artifactKey: Guid(25c8c5e32b6cf3443aa90c681618d4e8) Importer(815301076,1909f56bfc062723c751e8b465ee728b)
Start importing Assets/_GP/Materials/Transparent Red.mat using Guid(25c8c5e32b6cf3443aa90c681618d4e8) Importer(815301076,1909f56bfc062723c751e8b465ee728b)  -> (artifact id: '9aa0942c73ec32d5d3cdad26daa02558') in 0.023033 seconds
Number of updated asset objects reloaded before import = 0
Number of asset objects unloaded after import = 1
========================================================================
Received Import Request.
  Time since last request: 0.000040 seconds.
  path: Assets/_GP/Materials/Blue.mat
  artifactKey: Guid(96b7e3a56ff20c84ab9bb44833ed6e22) Importer(815301076,1909f56bfc062723c751e8b465ee728b)
Start importing Assets/_GP/Materials/Blue.mat using Guid(96b7e3a56ff20c84ab9bb44833ed6e22) Importer(815301076,1909f56bfc062723c751e8b465ee728b)  -> (artifact id: '88d507535f3e747477f168d5e71707a4') in 0.021477 seconds
Number of updated asset objects reloaded before import = 0
Number of asset objects unloaded after import = 1
========================================================================
Received Import Request.
  Time since last request: 0.000048 seconds.
  path: Assets/_GP/Materials/Teal.mat
  artifactKey: Guid(5fdbd23830434aa4d9053cef741150bd) Importer(815301076,1909f56bfc062723c751e8b465ee728b)
Start importing Assets/_GP/Materials/Teal.mat using Guid(5fdbd23830434aa4d9053cef741150bd) Importer(815301076,1909f56bfc062723c751e8b465ee728b)  -> (artifact id: '73f3fcab648f2368ad48f9a7770d3387') in 0.026332 seconds
Number of updated asset objects reloaded before import = 0
Number of asset objects unloaded after import = 1
========================================================================
Received Import Request.
  Time since last request: 0.000076 seconds.
  path: Assets/_GP/Materials/Sunset.mat
  artifactKey: Guid(4c13d8f33bc2a744fa408ea4cda5fddb) Importer(815301076,1909f56bfc062723c751e8b465ee728b)
Start importing Assets/_GP/Materials/Sunset.mat using Guid(4c13d8f33bc2a744fa408ea4cda5fddb) Importer(815301076,1909f56bfc062723c751e8b465ee728b)  -> (artifact id: 'd0cc5b40e9dbf99c13ceeda9bf828a39') in 0.032610 seconds
Number of updated asset objects reloaded before import = 0
Number of asset objects unloaded after import = 1
========================================================================
Received Import Request.
  Time since last request: 0.000044 seconds.
  path: Assets/_GP/Prefabs/Block Shelter.prefab
  artifactKey: Guid(bd4c21136c5a54a4fad9f2cea30e15cf) Importer(815301076,1909f56bfc062723c751e8b465ee728b)
Start importing Assets/_GP/Prefabs/Block Shelter.prefab using Guid(bd4c21136c5a54a4fad9f2cea30e15cf) Importer(815301076,1909f56bfc062723c751e8b465ee728b)  -> (artifact id: '358aab9d3b4af700125c863bec62b1c3') in 0.025577 seconds
Number of updated asset objects reloaded before import = 0
Number of asset objects unloaded after import = 12
========================================================================
Received Import Request.
  Time since last request: 1.451944 seconds.
  path: Assets/_GP/Presets/Food.asset
  artifactKey: Guid(bfbf1bf8457933a4dabf0d6c261e76e5) Importer(815301076,1909f56bfc062723c751e8b465ee728b)
Start importing Assets/_GP/Presets/Food.asset using Guid(bfbf1bf8457933a4dabf0d6c261e76e5) Importer(815301076,1909f56bfc062723c751e8b465ee728b)  -> (artifact id: '81821c882353b730e88ed039618b4104') in 0.001671 seconds
Number of updated asset objects reloaded before import = 0
Number of asset objects unloaded after import = 10
========================================================================
Received Import Request.
  Time since last request: 0.000016 seconds.
  path: Assets/_GP/Presets/Shelter.asset
  artifactKey: Guid(b680de8ece660cd4bab77783bb213873) Importer(815301076,1909f56bfc062723c751e8b465ee728b)
Start importing Assets/_GP/Presets/Shelter.asset using Guid(b680de8ece660cd4bab77783bb213873) Importer(815301076,1909f56bfc062723c751e8b465ee728b)  -> (artifact id: 'd153d62da1143081296996cf4c3c037b') in 0.001984 seconds
Number of updated asset objects reloaded before import = 0
Number of asset objects unloaded after import = 10
========================================================================
Received Import Request.
  Time since last request: 0.000162 seconds.
  path: Assets/_GP/Presets/Test.asset
  artifactKey: Guid(95f9536488aa1c9438936929fdd48138) Importer(815301076,1909f56bfc062723c751e8b465ee728b)
Start importing Assets/_GP/Presets/Test.asset using Guid(95f9536488aa1c9438936929fdd48138) Importer(815301076,1909f56bfc062723c751e8b465ee728b)  -> (artifact id: 'ce189e6f521b7cd2b9ed5386e51e802e') in 0.001412 seconds
Number of updated asset objects reloaded before import = 0
Number of asset objects unloaded after import = 1
========================================================================
Received Import Request.
  Time since last request: 6.732147 seconds.
  path: Assets/_GP/Textures/2.png
  artifactKey: Guid(9a3ae585bdce53b4387e697cff7d80d0) Importer(815301076,1909f56bfc062723c751e8b465ee728b)
Start importing Assets/_GP/Textures/2.png using Guid(9a3ae585bdce53b4387e697cff7d80d0) Importer(815301076,1909f56bfc062723c751e8b465ee728b)  -> (artifact id: '202d95805b03829f30f2d82f5b6f3357') in 0.051697 seconds
Number of updated asset objects reloaded before import = 0
Number of asset objects unloaded after import = 2
========================================================================
Received Import Request.
  Time since last request: 0.000055 seconds.
  path: Assets/_GP/Textures/chrome_1IP74pLygb.png
  artifactKey: Guid(3181f640f324efe43a02c7ca84aa0378) Importer(815301076,1909f56bfc062723c751e8b465ee728b)
Start importing Assets/_GP/Textures/chrome_1IP74pLygb.png using Guid(3181f640f324efe43a02c7ca84aa0378) Importer(815301076,1909f56bfc062723c751e8b465ee728b)  -> (artifact id: '9fba6634503cf4c21e14ed939f523d65') in 0.041121 seconds
Number of updated asset objects reloaded before import = 0
Number of asset objects unloaded after import = 2
========================================================================
Received Import Request.
  Time since last request: 0.000069 seconds.
  path: Assets/_GP/Textures/snd_click.mp3
  artifactKey: Guid(bef4c6cd3e4c3f44c9e90047d4f867b4) Importer(815301076,1909f56bfc062723c751e8b465ee728b)
Start importing Assets/_GP/Textures/snd_click.mp3 using Guid(bef4c6cd3e4c3f44c9e90047d4f867b4) Importer(815301076,1909f56bfc062723c751e8b465ee728b)  -> (artifact id: 'aa69bc19b4a703fe7eaebd10ad2b9ca4') in 0.047498 seconds
Number of updated asset objects reloaded before import = 0
Number of asset objects unloaded after import = 2
========================================================================
Received Import Request.
  Time since last request: 75.680786 seconds.
  path: Assets/beffio/UI - BUILDER/Source Files/Fonts/Montseratt/Montserrat-Regular.otf
  artifactKey: Guid(8f576112e43758a4d9fd39d4084b12f1) Importer(815301076,1909f56bfc062723c751e8b465ee728b)
Start importing Assets/beffio/UI - BUILDER/Source Files/Fonts/Montseratt/Montserrat-Regular.otf using Guid(8f576112e43758a4d9fd39d4084b12f1) Importer(815301076,1909f56bfc062723c751e8b465ee728b)  -> (artifact id: '6ce1d569a972012072a8549b3c4a63b1') in 0.030884 seconds
Number of updated asset objects reloaded before import = 0
Number of asset objects unloaded after import = 4
========================================================================
Received Import Request.
  Time since last request: 0.000024 seconds.
  path: Assets/beffio/UI - BUILDER/Source Files/Fonts/Montseratt/Montserrat-SemiBold SDF.asset
  artifactKey: Guid(d96bfe2e2dced8041bf05142ddfe88e2) Importer(815301076,1909f56bfc062723c751e8b465ee728b)
Start importing Assets/beffio/UI - BUILDER/Source Files/Fonts/Montseratt/Montserrat-SemiBold SDF.asset using Guid(d96bfe2e2dced8041bf05142ddfe88e2) Importer(815301076,1909f56bfc062723c751e8b465ee728b)  -> (artifact id: '9ef1576a47868097ca3a9ff8a6322c63') in 0.045632 seconds
Number of updated asset objects reloaded before import = 0
Number of asset objects unloaded after import = 6
========================================================================
Received Import Request.
  Time since last request: 313.070048 seconds.
  path: Assets/beffio/UI - BUILDER/Source Files/_RAWFiles/UI-Builder-Icons.psd
  artifactKey: Guid(07748139338094bcf8e3bff547c08b2d) Importer(815301076,1909f56bfc062723c751e8b465ee728b)
Start importing Assets/beffio/UI - BUILDER/Source Files/_RAWFiles/UI-Builder-Icons.psd using Guid(07748139338094bcf8e3bff547c08b2d) Importer(815301076,1909f56bfc062723c751e8b465ee728b)  -> (artifact id: 'a115d09930adb60a5f1e99bb8e618c37') in 0.059850 seconds
Number of updated asset objects reloaded before import = 0
Number of asset objects unloaded after import = 2
========================================================================
Received Import Request.
  Time since last request: 0.000147 seconds.
  path: Assets/beffio/UI - BUILDER/Source Files/_RAWFiles/Welcome_to_The_Greenprint__1_-removebg-preview (1).png
  artifactKey: Guid(d805b5f8b104cf44b836d6f83f2414a9) Importer(815301076,1909f56bfc062723c751e8b465ee728b)
Start importing Assets/beffio/UI - BUILDER/Source Files/_RAWFiles/Welcome_to_The_Greenprint__1_-removebg-preview (1).png using Guid(d805b5f8b104cf44b836d6f83f2414a9) Importer(815301076,1909f56bfc062723c751e8b465ee728b)  -> (artifact id: '974ad56e95685cafd6187f7181d446a9') in 0.028175 seconds
Number of updated asset objects reloaded before import = 0
Number of asset objects unloaded after import = 2
