Using pre-set license
Built from '2021.3/staging' branch; Version is '2021.3.15f1 (e8e88683f834) revision 15263878'; Using compiler version '192829333'; Build Type 'Release'
OS: 'Windows 10  (10.0.19045) 64bit Professional' Language: 'en' Physical Memory: 16275 MB
BatchMode: 1, IsHumanControllingUs: 0, StartBugReporterOnCrash: 0, Is64bit: 1, IsPro: 1

COMMAND LINE ARGUMENTS:
C:\Program Files\Unity\Hub\Editor\2021.3.15f1\Editor\Unity.exe
-adb2
-batchMode
-noUpm
-name
AssetImportWorker0
-projectPath
D:/Users/Max Musau/Desktop/p/unity/greenprint/Create-The-Greenprint/GP-Web
-logFile
Logs/AssetImportWorker0.log
-srvPort
50288
Successfully changed project path to: D:/Users/Max Musau/Desktop/p/unity/greenprint/Create-The-Greenprint/GP-Web
D:/Users/Max Musau/Desktop/p/unity/greenprint/Create-The-Greenprint/GP-Web
[UnityMemory] Configuration Parameters - Can be set up in boot.config
    "memorysetup-bucket-allocator-granularity=16"
    "memorysetup-bucket-allocator-bucket-count=8"
    "memorysetup-bucket-allocator-block-size=33554432"
    "memorysetup-bucket-allocator-block-count=8"
    "memorysetup-main-allocator-block-size=16777216"
    "memorysetup-thread-allocator-block-size=16777216"
    "memorysetup-gfx-main-allocator-block-size=16777216"
    "memorysetup-gfx-thread-allocator-block-size=16777216"
    "memorysetup-cache-allocator-block-size=4194304"
    "memorysetup-typetree-allocator-block-size=2097152"
    "memorysetup-profiler-bucket-allocator-granularity=16"
    "memorysetup-profiler-bucket-allocator-bucket-count=8"
    "memorysetup-profiler-bucket-allocator-block-size=33554432"
    "memorysetup-profiler-bucket-allocator-block-count=8"
    "memorysetup-profiler-allocator-block-size=16777216"
    "memorysetup-profiler-editor-allocator-block-size=1048576"
    "memorysetup-temp-allocator-size-main=16777216"
    "memorysetup-job-temp-allocator-block-size=2097152"
    "memorysetup-job-temp-allocator-block-size-background=1048576"
    "memorysetup-job-temp-allocator-reduction-small-platforms=262144"
    "memorysetup-temp-allocator-size-background-worker=32768"
    "memorysetup-temp-allocator-size-job-worker=262144"
    "memorysetup-temp-allocator-size-preload-manager=33554432"
    "memorysetup-temp-allocator-size-nav-mesh-worker=65536"
    "memorysetup-temp-allocator-size-audio-worker=65536"
    "memorysetup-temp-allocator-size-cloud-worker=32768"
    "memorysetup-temp-allocator-size-gi-baking-worker=262144"
    "memorysetup-temp-allocator-size-gfx=262144"
Player connection [19876] Host "[IP] 172.21.112.1 [Port] 0 [Flags] 2 [Guid] 1212147315 [EditorId] 1212147315 [Version] 1048832 [Id] WindowsEditor(7,DESKTOP-A9OBSHJ) [Debug] 1 [PackageName] WindowsEditor [ProjectName] Editor" joined multi-casting on [225.0.0.222:54997]...

Player connection [19876] Host "[IP] 172.21.112.1 [Port] 0 [Flags] 2 [Guid] 1212147315 [EditorId] 1212147315 [Version] 1048832 [Id] WindowsEditor(7,DESKTOP-A9OBSHJ) [Debug] 1 [PackageName] WindowsEditor [ProjectName] Editor" joined alternative multi-casting on [225.0.0.222:34997]...

Refreshing native plugins compatible for Editor in 346.25 ms, found 3 plugins.
Preloading 0 native plugins for Editor in 0.00 ms.
Initialize engine version: 2021.3.15f1 (e8e88683f834)
[Subsystems] Discovering subsystems at path C:/Program Files/Unity/Hub/Editor/2021.3.15f1/Editor/Data/Resources/UnitySubsystems
[Subsystems] Discovering subsystems at path D:/Users/Max Musau/Desktop/p/unity/greenprint/Create-The-Greenprint/GP-Web/Assets
GfxDevice: creating device client; threaded=0; jobified=0
Direct3D:
    Version:  Direct3D 11.0 [level 11.1]
    Renderer: Intel(R) UHD Graphics 620 (ID=0x5917)
    Vendor:   Intel
    VRAM:     8137 MB
    Driver:   27.20.100.8854
Initialize mono
Mono path[0] = 'C:/Program Files/Unity/Hub/Editor/2021.3.15f1/Editor/Data/Managed'
Mono path[1] = 'C:/Program Files/Unity/Hub/Editor/2021.3.15f1/Editor/Data/MonoBleedingEdge/lib/mono/unityjit-win32'
Mono config path = 'C:/Program Files/Unity/Hub/Editor/2021.3.15f1/Editor/Data/MonoBleedingEdge/etc'
Using monoOptions --debugger-agent=transport=dt_socket,embedding=1,server=y,suspend=n,address=127.0.0.1:56020
Begin MonoManager ReloadAssembly
Registering precompiled unity dll's ...
Register platform support module: C:/Program Files/Unity/Hub/Editor/2021.3.15f1/Editor/Data/PlaybackEngines/AndroidPlayer/UnityEditor.Android.Extensions.dll
Register platform support module: C:/Program Files/Unity/Hub/Editor/2021.3.15f1/Editor/Data/PlaybackEngines/WindowsStandaloneSupport/UnityEditor.WindowsStandalone.Extensions.dll
Registered in 0.037759 seconds.
Native extension for WindowsStandalone target not found
Native extension for Android target not found
Refreshing native plugins compatible for Editor in 382.84 ms, found 3 plugins.
Preloading 0 native plugins for Editor in 0.00 ms.
Mono: successfully reloaded assembly
- Completed reload, in  2.737 seconds
Domain Reload Profiling:
	ReloadAssembly (2739ms)
		BeginReloadAssembly (339ms)
			ExecutionOrderSort (0ms)
			DisableScriptedObjects (0ms)
			BackupInstance (0ms)
			ReleaseScriptingObjects (0ms)
			CreateAndSetChildDomain (3ms)
		EndReloadAssembly (1949ms)
			LoadAssemblies (323ms)
			RebuildTransferFunctionScriptingTraits (0ms)
			SetupTypeCache (492ms)
			ReleaseScriptCaches (0ms)
			RebuildScriptCaches (124ms)
			SetupLoadedEditorAssemblies (1133ms)
				LogAssemblyErrors (0ms)
				InitializePlatformSupportModulesInManaged (214ms)
				SetLoadedEditorAssemblies (1ms)
				RefreshPlugins (383ms)
				BeforeProcessingInitializeOnLoad (5ms)
				ProcessInitializeOnLoadAttributes (333ms)
				ProcessInitializeOnLoadMethodAttributes (197ms)
				AfterProcessingInitializeOnLoad (0ms)
				EditorAssembliesLoaded (0ms)
			ExecutionOrderSort2 (0ms)
			AwakeInstancesAfterBackupRestoration (0ms)
Platform modules already initialized, skipping
Registering precompiled user dll's ...
Registered in 0.025555 seconds.
Begin MonoManager ReloadAssembly
Symbol file LoadedFromMemory doesn't match image D:\Users\Max Musau\Desktop\p\unity\greenprint\Create-The-Greenprint\GP-Web\Library\PackageCache\com.unity.visualscripting@1.7.8\Editor\VisualScripting.Core\Dependencies\YamlDotNet\Unity.VisualScripting.YamlDotNet.dll
Symbol file LoadedFromMemory doesn't match image D:\Users\Max Musau\Desktop\p\unity\greenprint\Create-The-Greenprint\GP-Web\Library\PackageCache\com.unity.visualscripting@1.7.8\Editor\VisualScripting.Core\Dependencies\DotNetZip\Unity.VisualScripting.IonicZip.dll
Native extension for WindowsStandalone target not found
Native extension for Android target not found
Refreshing native plugins compatible for Editor in 2.67 ms, found 3 plugins.
Preloading 0 native plugins for Editor in 0.00 ms.
Mono: successfully reloaded assembly
- Completed reload, in  4.677 seconds
Domain Reload Profiling:
	ReloadAssembly (4680ms)
		BeginReloadAssembly (694ms)
			ExecutionOrderSort (0ms)
			DisableScriptedObjects (32ms)
			BackupInstance (0ms)
			ReleaseScriptingObjects (0ms)
			CreateAndSetChildDomain (216ms)
		EndReloadAssembly (3493ms)
			LoadAssemblies (400ms)
			RebuildTransferFunctionScriptingTraits (0ms)
			SetupTypeCache (1226ms)
			ReleaseScriptCaches (2ms)
			RebuildScriptCaches (241ms)
			SetupLoadedEditorAssemblies (1540ms)
				LogAssemblyErrors (0ms)
				InitializePlatformSupportModulesInManaged (64ms)
				SetLoadedEditorAssemblies (2ms)
				RefreshPlugins (3ms)
				BeforeProcessingInitializeOnLoad (378ms)
				ProcessInitializeOnLoadAttributes (899ms)
				ProcessInitializeOnLoadMethodAttributes (160ms)
				AfterProcessingInitializeOnLoad (33ms)
				EditorAssembliesLoaded (1ms)
			ExecutionOrderSort2 (0ms)
			AwakeInstancesAfterBackupRestoration (29ms)
Platform modules already initialized, skipping
========================================================================
Worker process is ready to serve import requests
Launched and connected shader compiler UnityShaderCompiler.exe after 0.20 seconds
Refreshing native plugins compatible for Editor in 1.69 ms, found 3 plugins.
Preloading 0 native plugins for Editor in 0.00 ms.
Unloading 3644 Unused Serialized files (Serialized files now loaded: 0)
Unloading 42 unused Assets / (1.3 MB). Loaded Objects now: 4096.
Memory consumption went from 137.6 MB to 136.3 MB.
Total: 9.805000 ms (FindLiveObjects: 0.703400 ms CreateObjectMapping: 0.557000 ms MarkObjects: 8.108600 ms  DeleteObjects: 0.434200 ms)

AssetImportParameters requested are different than current active one (requested -> active):
  custom:video-decoder-ogg-theora: a1e56fd34408186e4bbccfd4996cb3dc -> 
  custom:container-muxer-webm: aa71ff27fc2769a1b78a27578f13a17b -> 
  custom:container-demuxer-webm: 4f35f7cbe854078d1ac9338744f61a02 -> 
  custom:video-encoder-webm-vp8: eb34c28f22e8b96e1ab97ce403110664 -> 
  custom:audio-encoder-webm-vorbis: bf7c407c2cedff20999df2af8eb42d56 -> 
  custom:framework-win-MediaFoundation: 216162199b28c13a410421893ffa2e32 -> 
  custom:container-demuxer-ogg: 62fdf1f143b41e24485cea50d1cbac27 -> 
  custom:video-decoder-webm-vp8: 9c59270c3fd7afecdb556c50c9e8de78 -> 
  custom:audio-decoder-ogg-vorbis: bf7c407c2cedff20999df2af8eb42d56 -> 
========================================================================
Received Import Request.
  Time since last request: 166051.722340 seconds.
  path: Assets/_GP
  artifactKey: Guid(039df3578d187ae4fb081962a9dba62d) Importer(815301076,1909f56bfc062723c751e8b465ee728b)
Start importing Assets/_GP using Guid(039df3578d187ae4fb081962a9dba62d) Importer(815301076,1909f56bfc062723c751e8b465ee728b)  -> (artifact id: '5785b63d38966c66bc7a1b1ddaf63f18') in 0.064328 seconds 
========================================================================
Received Import Request.
  Time since last request: 1368.530026 seconds.
  path: Assets/_GP/Scenes/Main Menu.unity
  artifactKey: Guid(744e27bec11fb7f41afe091f6520c835) Importer(815301076,1909f56bfc062723c751e8b465ee728b)
Start importing Assets/_GP/Scenes/Main Menu.unity using Guid(744e27bec11fb7f41afe091f6520c835) Importer(815301076,1909f56bfc062723c751e8b465ee728b)  -> (artifact id: 'a32f090f796309de6259521b0b9d81c4') in 0.029590 seconds 
========================================================================
Received Prepare
Registering precompiled user dll's ...
Registered in 0.007085 seconds.
Begin MonoManager ReloadAssembly
Symbol file LoadedFromMemory doesn't match image D:\Users\Max Musau\Desktop\p\unity\greenprint\Create-The-Greenprint\GP-Web\Library\PackageCache\com.unity.visualscripting@1.7.8\Editor\VisualScripting.Core\Dependencies\YamlDotNet\Unity.VisualScripting.YamlDotNet.dll
Symbol file LoadedFromMemory doesn't match image D:\Users\Max Musau\Desktop\p\unity\greenprint\Create-The-Greenprint\GP-Web\Library\PackageCache\com.unity.visualscripting@1.7.8\Editor\VisualScripting.Core\Dependencies\DotNetZip\Unity.VisualScripting.IonicZip.dll
Native extension for WindowsStandalone target not found
Native extension for Android target not found
Refreshing native plugins compatible for Editor in 0.99 ms, found 3 plugins.
Preloading 0 native plugins for Editor in 0.00 ms.
Mono: successfully reloaded assembly
- Completed reload, in  1.363 seconds
Domain Reload Profiling:
	ReloadAssembly (1364ms)
		BeginReloadAssembly (190ms)
			ExecutionOrderSort (0ms)
			DisableScriptedObjects (11ms)
			BackupInstance (0ms)
			ReleaseScriptingObjects (0ms)
			CreateAndSetChildDomain (59ms)
		EndReloadAssembly (1061ms)
			LoadAssemblies (96ms)
			RebuildTransferFunctionScriptingTraits (0ms)
			SetupTypeCache (338ms)
			ReleaseScriptCaches (1ms)
			RebuildScriptCaches (49ms)
			SetupLoadedEditorAssemblies (518ms)
				LogAssemblyErrors (0ms)
				InitializePlatformSupportModulesInManaged (37ms)
				SetLoadedEditorAssemblies (1ms)
				RefreshPlugins (1ms)
				BeforeProcessingInitializeOnLoad (104ms)
				ProcessInitializeOnLoadAttributes (326ms)
				ProcessInitializeOnLoadMethodAttributes (39ms)
				AfterProcessingInitializeOnLoad (11ms)
				EditorAssembliesLoaded (0ms)
			ExecutionOrderSort2 (0ms)
			AwakeInstancesAfterBackupRestoration (9ms)
Platform modules already initialized, skipping
Refreshing native plugins compatible for Editor in 2.57 ms, found 3 plugins.
Preloading 0 native plugins for Editor in 0.00 ms.
Unloading 3595 Unused Serialized files (Serialized files now loaded: 0)
Unloading 31 unused Assets / (1.2 MB). Loaded Objects now: 4100.
Memory consumption went from 132.9 MB to 131.7 MB.
Total: 4.939200 ms (FindLiveObjects: 0.369000 ms CreateObjectMapping: 0.315000 ms MarkObjects: 4.019300 ms  DeleteObjects: 0.234800 ms)

AssetImportParameters requested are different than current active one (requested -> active):
  custom:video-decoder-ogg-theora: a1e56fd34408186e4bbccfd4996cb3dc -> 
  custom:container-muxer-webm: aa71ff27fc2769a1b78a27578f13a17b -> 
  custom:container-demuxer-webm: 4f35f7cbe854078d1ac9338744f61a02 -> 
  custom:video-encoder-webm-vp8: eb34c28f22e8b96e1ab97ce403110664 -> 
  custom:audio-encoder-webm-vorbis: bf7c407c2cedff20999df2af8eb42d56 -> 
  custom:framework-win-MediaFoundation: 216162199b28c13a410421893ffa2e32 -> 
  custom:container-demuxer-ogg: 62fdf1f143b41e24485cea50d1cbac27 -> 
  custom:video-decoder-webm-vp8: 9c59270c3fd7afecdb556c50c9e8de78 -> 
  custom:audio-decoder-ogg-vorbis: bf7c407c2cedff20999df2af8eb42d56 -> 
========================================================================
Received Import Request.
  Time since last request: 379.184427 seconds.
  path: Assets/_GP/Textures/2.png
  artifactKey: Guid(9a3ae585bdce53b4387e697cff7d80d0) Importer(815301076,1909f56bfc062723c751e8b465ee728b)
Start importing Assets/_GP/Textures/2.png using Guid(9a3ae585bdce53b4387e697cff7d80d0) Importer(815301076,1909f56bfc062723c751e8b465ee728b)  -> (artifact id: '6231098ba5f4e908b34320b39af8ad25') in 0.200258 seconds 
========================================================================
Received Import Request.
  Time since last request: 0.000029 seconds.
  path: Assets/_GP/Textures/chrome_1IP74pLygb.png
  artifactKey: Guid(3181f640f324efe43a02c7ca84aa0378) Importer(815301076,1909f56bfc062723c751e8b465ee728b)
Start importing Assets/_GP/Textures/chrome_1IP74pLygb.png using Guid(3181f640f324efe43a02c7ca84aa0378) Importer(815301076,1909f56bfc062723c751e8b465ee728b)  -> (artifact id: 'edf7f3a92b9cbce32575e35bd5a1ead9') in 0.037554 seconds 
========================================================================
Received Import Request.
  Time since last request: 0.000051 seconds.
  path: Assets/_GP/Textures/site-internet-icon.png
  artifactKey: Guid(781c18f4910bb64489a1bba60ea7f120) Importer(815301076,1909f56bfc062723c751e8b465ee728b)
Start importing Assets/_GP/Textures/site-internet-icon.png using Guid(781c18f4910bb64489a1bba60ea7f120) Importer(815301076,1909f56bfc062723c751e8b465ee728b)  -> (artifact id: '299cf1cecbf0b97d07c4ef70f9244c9d') in 0.110945 seconds 
========================================================================
Received Prepare
Registering precompiled user dll's ...
Registered in 0.022186 seconds.
Begin MonoManager ReloadAssembly
Symbol file LoadedFromMemory doesn't match image D:\Users\Max Musau\Desktop\p\unity\greenprint\Create-The-Greenprint\GP-Web\Library\PackageCache\com.unity.visualscripting@1.7.8\Editor\VisualScripting.Core\Dependencies\YamlDotNet\Unity.VisualScripting.YamlDotNet.dll
Symbol file LoadedFromMemory doesn't match image D:\Users\Max Musau\Desktop\p\unity\greenprint\Create-The-Greenprint\GP-Web\Library\PackageCache\com.unity.visualscripting@1.7.8\Editor\VisualScripting.Core\Dependencies\DotNetZip\Unity.VisualScripting.IonicZip.dll
Native extension for WindowsStandalone target not found
Native extension for Android target not found
Refreshing native plugins compatible for Editor in 1.88 ms, found 3 plugins.
Preloading 0 native plugins for Editor in 0.00 ms.
Mono: successfully reloaded assembly
- Completed reload, in  4.307 seconds
Domain Reload Profiling:
	ReloadAssembly (4309ms)
		BeginReloadAssembly (1959ms)
			ExecutionOrderSort (0ms)
			DisableScriptedObjects (24ms)
			BackupInstance (0ms)
			ReleaseScriptingObjects (0ms)
			CreateAndSetChildDomain (86ms)
		EndReloadAssembly (2056ms)
			LoadAssemblies (1828ms)
			RebuildTransferFunctionScriptingTraits (0ms)
			SetupTypeCache (710ms)
			ReleaseScriptCaches (3ms)
			RebuildScriptCaches (100ms)
			SetupLoadedEditorAssemblies (927ms)
				LogAssemblyErrors (0ms)
				InitializePlatformSupportModulesInManaged (57ms)
				SetLoadedEditorAssemblies (1ms)
				RefreshPlugins (2ms)
				BeforeProcessingInitializeOnLoad (178ms)
				ProcessInitializeOnLoadAttributes (585ms)
				ProcessInitializeOnLoadMethodAttributes (81ms)
				AfterProcessingInitializeOnLoad (22ms)
				EditorAssembliesLoaded (0ms)
			ExecutionOrderSort2 (0ms)
			AwakeInstancesAfterBackupRestoration (18ms)
Platform modules already initialized, skipping
Refreshing native plugins compatible for Editor in 8.32 ms, found 3 plugins.
Preloading 0 native plugins for Editor in 0.00 ms.
Unloading 3595 Unused Serialized files (Serialized files now loaded: 0)
Unloading 31 unused Assets / (1.2 MB). Loaded Objects now: 4111.
Memory consumption went from 137.3 MB to 136.0 MB.
Total: 11.429200 ms (FindLiveObjects: 0.573700 ms CreateObjectMapping: 0.437400 ms MarkObjects: 9.993000 ms  DeleteObjects: 0.422500 ms)

AssetImportParameters requested are different than current active one (requested -> active):
  custom:video-decoder-ogg-theora: a1e56fd34408186e4bbccfd4996cb3dc -> 
  custom:container-muxer-webm: aa71ff27fc2769a1b78a27578f13a17b -> 
  custom:container-demuxer-webm: 4f35f7cbe854078d1ac9338744f61a02 -> 
  custom:video-encoder-webm-vp8: eb34c28f22e8b96e1ab97ce403110664 -> 
  custom:audio-encoder-webm-vorbis: bf7c407c2cedff20999df2af8eb42d56 -> 
  custom:framework-win-MediaFoundation: 216162199b28c13a410421893ffa2e32 -> 
  custom:container-demuxer-ogg: 62fdf1f143b41e24485cea50d1cbac27 -> 
  custom:video-decoder-webm-vp8: 9c59270c3fd7afecdb556c50c9e8de78 -> 
  custom:audio-decoder-ogg-vorbis: bf7c407c2cedff20999df2af8eb42d56 -> 
========================================================================
Received Prepare
Registering precompiled user dll's ...
Registered in 0.021492 seconds.
Begin MonoManager ReloadAssembly
Symbol file LoadedFromMemory doesn't match image D:\Users\Max Musau\Desktop\p\unity\greenprint\Create-The-Greenprint\GP-Web\Library\PackageCache\com.unity.visualscripting@1.7.8\Editor\VisualScripting.Core\Dependencies\YamlDotNet\Unity.VisualScripting.YamlDotNet.dll
Symbol file LoadedFromMemory doesn't match image D:\Users\Max Musau\Desktop\p\unity\greenprint\Create-The-Greenprint\GP-Web\Library\PackageCache\com.unity.visualscripting@1.7.8\Editor\VisualScripting.Core\Dependencies\DotNetZip\Unity.VisualScripting.IonicZip.dll
Native extension for WindowsStandalone target not found
Native extension for Android target not found
Refreshing native plugins compatible for Editor in 1.85 ms, found 3 plugins.
Preloading 0 native plugins for Editor in 0.00 ms.
Mono: successfully reloaded assembly
- Completed reload, in  4.635 seconds
Domain Reload Profiling:
	ReloadAssembly (4637ms)
		BeginReloadAssembly (497ms)
			ExecutionOrderSort (0ms)
			DisableScriptedObjects (26ms)
			BackupInstance (0ms)
			ReleaseScriptingObjects (0ms)
			CreateAndSetChildDomain (132ms)
		EndReloadAssembly (3737ms)
			LoadAssemblies (322ms)
			RebuildTransferFunctionScriptingTraits (0ms)
			SetupTypeCache (1098ms)
			ReleaseScriptCaches (7ms)
			RebuildScriptCaches (338ms)
			SetupLoadedEditorAssemblies (1687ms)
				LogAssemblyErrors (0ms)
				InitializePlatformSupportModulesInManaged (101ms)
				SetLoadedEditorAssemblies (2ms)
				RefreshPlugins (2ms)
				BeforeProcessingInitializeOnLoad (467ms)
				ProcessInitializeOnLoadAttributes (981ms)
				ProcessInitializeOnLoadMethodAttributes (107ms)
				AfterProcessingInitializeOnLoad (27ms)
				EditorAssembliesLoaded (0ms)
			ExecutionOrderSort2 (0ms)
			AwakeInstancesAfterBackupRestoration (22ms)
Platform modules already initialized, skipping
Refreshing native plugins compatible for Editor in 8.44 ms, found 3 plugins.
Preloading 0 native plugins for Editor in 0.00 ms.
Unloading 3595 Unused Serialized files (Serialized files now loaded: 0)
Unloading 31 unused Assets / (1.2 MB). Loaded Objects now: 4114.
Memory consumption went from 137.3 MB to 136.0 MB.
Total: 11.902800 ms (FindLiveObjects: 0.365900 ms CreateObjectMapping: 0.238100 ms MarkObjects: 10.739300 ms  DeleteObjects: 0.557200 ms)

AssetImportParameters requested are different than current active one (requested -> active):
  custom:video-decoder-ogg-theora: a1e56fd34408186e4bbccfd4996cb3dc -> 
  custom:container-muxer-webm: aa71ff27fc2769a1b78a27578f13a17b -> 
  custom:container-demuxer-webm: 4f35f7cbe854078d1ac9338744f61a02 -> 
  custom:video-encoder-webm-vp8: eb34c28f22e8b96e1ab97ce403110664 -> 
  custom:audio-encoder-webm-vorbis: bf7c407c2cedff20999df2af8eb42d56 -> 
  custom:framework-win-MediaFoundation: 216162199b28c13a410421893ffa2e32 -> 
  custom:container-demuxer-ogg: 62fdf1f143b41e24485cea50d1cbac27 -> 
  custom:video-decoder-webm-vp8: 9c59270c3fd7afecdb556c50c9e8de78 -> 
  custom:audio-decoder-ogg-vorbis: bf7c407c2cedff20999df2af8eb42d56 -> 
========================================================================
Received Import Request.
  Time since last request: 18925.706106 seconds.
  path: Assets/_GP/Materials/Land.mat
  artifactKey: Guid(b3063a337bdc57148aa1bbf4cacc8b45) Importer(815301076,1909f56bfc062723c751e8b465ee728b)
Start importing Assets/_GP/Materials/Land.mat using Guid(b3063a337bdc57148aa1bbf4cacc8b45) Importer(815301076,1909f56bfc062723c751e8b465ee728b)  -> (artifact id: 'dfe0b232ac9af536327aded286bd66d7') in 0.679145 seconds 
========================================================================
Received Import Request.
  Time since last request: 0.000057 seconds.
  path: Assets/_GP/Materials/Orange.mat
  artifactKey: Guid(dd511d7c40830ac41b7cf1b5b94a9954) Importer(815301076,1909f56bfc062723c751e8b465ee728b)
Start importing Assets/_GP/Materials/Orange.mat using Guid(dd511d7c40830ac41b7cf1b5b94a9954) Importer(815301076,1909f56bfc062723c751e8b465ee728b)  -> (artifact id: 'c84b3b6eba0fb03ec7f0773a03ba3726') in 0.886937 seconds 
========================================================================
Received Import Request.
  Time since last request: 0.000075 seconds.
  path: Assets/_GP/Materials/PlayArea.mat
  artifactKey: Guid(16cfe03fd1522f44abb277e70d3bb0f7) Importer(815301076,1909f56bfc062723c751e8b465ee728b)
Start importing Assets/_GP/Materials/PlayArea.mat using Guid(16cfe03fd1522f44abb277e70d3bb0f7) Importer(815301076,1909f56bfc062723c751e8b465ee728b)  -> (artifact id: '55c9dc38154a3f63c67069232f869da9') in 0.815172 seconds 
========================================================================
Received Import Request.
  Time since last request: 0.000076 seconds.
  path: Assets/_GP/Materials/Yellow.mat
  artifactKey: Guid(522a4cca18b6f8848b5499b7423d316a) Importer(815301076,1909f56bfc062723c751e8b465ee728b)
Start importing Assets/_GP/Materials/Yellow.mat using Guid(522a4cca18b6f8848b5499b7423d316a) Importer(815301076,1909f56bfc062723c751e8b465ee728b)  -> (artifact id: '84d361402fbe6708b50050587da97f91') in 0.070600 seconds 
========================================================================
Received Import Request.
  Time since last request: 0.000067 seconds.
  path: Assets/_GP/Materials/Red.mat
  artifactKey: Guid(b0274931366756944a24d17f122586f7) Importer(815301076,1909f56bfc062723c751e8b465ee728b)
Start importing Assets/_GP/Materials/Red.mat using Guid(b0274931366756944a24d17f122586f7) Importer(815301076,1909f56bfc062723c751e8b465ee728b)  -> (artifact id: 'c5e29155332f143e30ac3b71c2bdb15e') in 0.043401 seconds 
========================================================================
Received Import Request.
  Time since last request: 0.000042 seconds.
  path: Assets/_GP/Materials/Transparent Red.mat
  artifactKey: Guid(25c8c5e32b6cf3443aa90c681618d4e8) Importer(815301076,1909f56bfc062723c751e8b465ee728b)
Start importing Assets/_GP/Materials/Transparent Red.mat using Guid(25c8c5e32b6cf3443aa90c681618d4e8) Importer(815301076,1909f56bfc062723c751e8b465ee728b)  -> (artifact id: '9562f6e6f4541db56be12fddcdb1e4e0') in 0.035693 seconds 
========================================================================
Received Import Request.
  Time since last request: 0.000041 seconds.
  path: Assets/_GP/Materials/Teal.mat
  artifactKey: Guid(5fdbd23830434aa4d9053cef741150bd) Importer(815301076,1909f56bfc062723c751e8b465ee728b)
Start importing Assets/_GP/Materials/Teal.mat using Guid(5fdbd23830434aa4d9053cef741150bd) Importer(815301076,1909f56bfc062723c751e8b465ee728b)  -> (artifact id: 'ff7bb490e92ea1a323f4de35859cf00b') in 0.033539 seconds 
========================================================================
Received Import Request.
  Time since last request: 0.000035 seconds.
  path: Assets/_GP/Materials/Sunset.mat
  artifactKey: Guid(4c13d8f33bc2a744fa408ea4cda5fddb) Importer(815301076,1909f56bfc062723c751e8b465ee728b)
Start importing Assets/_GP/Materials/Sunset.mat using Guid(4c13d8f33bc2a744fa408ea4cda5fddb) Importer(815301076,1909f56bfc062723c751e8b465ee728b)  -> (artifact id: '73de647ca13fe20fc6d0fc088e07c8af') in 0.053756 seconds 
========================================================================
Received Import Request.
  Time since last request: 46.750150 seconds.
  path: Assets/beffio/UI - BUILDER/Source Files/Fonts/Montseratt/Montserrat-SemiBold SDF.asset
  artifactKey: Guid(d96bfe2e2dced8041bf05142ddfe88e2) Importer(815301076,1909f56bfc062723c751e8b465ee728b)
Start importing Assets/beffio/UI - BUILDER/Source Files/Fonts/Montseratt/Montserrat-SemiBold SDF.asset using Guid(d96bfe2e2dced8041bf05142ddfe88e2) Importer(815301076,1909f56bfc062723c751e8b465ee728b)  -> (artifact id: 'decefebb014efb59d9010e604806a2c1') in 0.263651 seconds 
========================================================================
Received Import Request.
  Time since last request: 0.000099 seconds.
  path: Assets/beffio/UI - BUILDER/Source Files/Fonts/Montseratt
  artifactKey: Guid(c88d5cf75bd3fd241976f909231658d5) Importer(815301076,1909f56bfc062723c751e8b465ee728b)
Start importing Assets/beffio/UI - BUILDER/Source Files/Fonts/Montseratt using Guid(c88d5cf75bd3fd241976f909231658d5) Importer(815301076,1909f56bfc062723c751e8b465ee728b)  -> (artifact id: '92fbb3127597c87feb0b7e37543be00b') in 0.025887 seconds 
Editor requested this worker to shutdown with reason: Scaling down because of idle timeout
AssetImportWorker is now disconnected from the server
Process exiting
Exiting without the bug reporter. Application will terminate with return code 0